2020-08-17 14:14:30,535 : INFO : Start of Prediction
2020-08-17 14:14:30,535 : INFO : run_id:2020-08-17_141430_415415271
2020-08-17 14:14:30,535 : INFO : Start of Data Load, validation and transformation
2020-08-17 14:14:30,536 : INFO : Start of Archiving Old Rejected Files...
2020-08-17 14:14:30,536 : INFO : End of Archiving Old Rejected Files...
2020-08-17 14:14:30,536 : INFO : Start of Archiving Old Validated Files...
2020-08-17 14:14:30,537 : INFO : End of Archiving Old Validated Files...
2020-08-17 14:14:30,537 : INFO : Start of Archiving Old Processed Files...
2020-08-17 14:14:30,537 : INFO : End of Archiving Old Processed Files...
2020-08-17 14:14:30,537 : INFO : Start of Archiving Old Result Files...
2020-08-17 14:14:30,538 : INFO : End of Archiving Old Result Files...
2020-08-17 14:14:30,538 : INFO : Start of Reading values From Schema...
2020-08-17 14:14:30,538 : INFO : End of Reading values From Schema...
2020-08-17 14:14:30,538 : INFO : Start of Validating Column Length...
2020-08-17 14:14:30,541 : INFO : End of Validating Column Length...
2020-08-17 14:14:30,541 : INFO : Start of Validating Missing Values...
2020-08-17 14:14:30,544 : INFO : End of Validating Missing Values...
2020-08-17 14:14:30,544 : INFO : Start of Replacing Missing Values with NULL...
2020-08-17 14:14:30,550 : INFO : hr_employee_churn_data_predict3.csv: File Transformed successfully!!
2020-08-17 14:14:30,550 : INFO : End of Replacing Missing Values with NULL...
2020-08-17 14:14:30,551 : INFO : Start of Creating Table...
2020-08-17 14:14:30,551 : INFO : Opened prediction database successfully
2020-08-17 14:14:30,562 : INFO : CREATE TABLE prediction_raw_data_t column_name
2020-08-17 14:14:30,567 : INFO : ALTER TABLE prediction_raw_data_t ADD COLUMN
2020-08-17 14:14:30,572 : INFO : ALTER TABLE prediction_raw_data_t ADD COLUMN
2020-08-17 14:14:30,578 : INFO : ALTER TABLE prediction_raw_data_t ADD COLUMN
2020-08-17 14:14:30,586 : INFO : ALTER TABLE prediction_raw_data_t ADD COLUMN
2020-08-17 14:14:30,591 : INFO : ALTER TABLE prediction_raw_data_t ADD COLUMN
2020-08-17 14:14:30,597 : INFO : ALTER TABLE prediction_raw_data_t ADD COLUMN
2020-08-17 14:14:30,603 : INFO : ALTER TABLE prediction_raw_data_t ADD COLUMN
2020-08-17 14:14:30,608 : INFO : ALTER TABLE prediction_raw_data_t ADD COLUMN
2020-08-17 14:14:30,609 : INFO : End of Creating Table...
2020-08-17 14:14:30,609 : INFO : Opened prediction database successfully
2020-08-17 14:14:30,609 : INFO : Start of Inserting Data into Table...
2020-08-17 14:14:30,632 : INFO : End of Inserting Data into Table...
2020-08-17 14:14:30,632 : INFO : Start of Exporting Data into CSV...
2020-08-17 14:14:30,632 : INFO : Opened prediction database successfully
2020-08-17 14:14:30,632 : INFO : End of Exporting Data into CSV...
2020-08-17 14:14:30,633 : INFO : Start of Moving Processed Files...
2020-08-17 14:14:30,633 : INFO : Moved the already processed file hr_employee_churn_data_predict3.csv
2020-08-17 14:14:30,633 : INFO : End of Moving Processed Files...
2020-08-17 14:14:30,633 : INFO : End of Data Load, validation and transformation
2020-08-17 14:14:30,633 : INFO : Start of Preprocessing...
2020-08-17 14:14:30,633 : INFO : Start of reading dataset...
2020-08-17 14:14:30,635 : INFO : End of reading dataset...
2020-08-17 14:14:30,635 : INFO : Start of feature encoding...
2020-08-17 14:14:30,638 : INFO : End of feature encoding...
2020-08-17 14:14:30,640 : INFO : Start of Droping Columns...
2020-08-17 14:14:30,642 : INFO : End of Droping Columns...
2020-08-17 14:14:30,642 : INFO : Start of finding missing values...
2020-08-17 14:14:30,643 : INFO : End of finding missing values...
2020-08-17 14:14:30,644 : INFO : Start of building final predictset...
2020-08-17 14:14:30,650 : INFO : End of building final predictset...
2020-08-17 14:14:30,650 : INFO : End of Preprocessing...
2020-08-17 14:14:30,650 : INFO : Start of Load Model
2020-08-17 14:14:30,650 : INFO : Model File KMeans loaded
2020-08-17 14:14:30,650 : INFO : End of Load Model
2020-08-17 14:14:30,689 : INFO : clusters loop started
2020-08-17 14:14:30,691 : INFO : Start of finding correct model
2020-08-17 14:14:30,691 : INFO : End of finding correct model
2020-08-17 14:14:30,692 : INFO : Start of Load Model
2020-08-17 14:14:30,692 : INFO : Model File XGBoost0 loaded
2020-08-17 14:14:30,692 : INFO : End of Load Model
2020-08-17 14:14:30,702 : INFO : clusters loop started
2020-08-17 14:14:30,703 : INFO : Start of finding correct model
2020-08-17 14:14:30,704 : INFO : End of finding correct model
2020-08-17 14:14:30,704 : INFO : Start of Load Model
2020-08-17 14:14:30,704 : INFO : Model File XGBoost1 loaded
2020-08-17 14:14:30,704 : INFO : End of Load Model
2020-08-17 14:14:30,710 : INFO : End of Prediction
