2020-08-18 00:02:09,589 : INFO : Start of Prediction
2020-08-18 00:02:09,590 : INFO : run_id:2020-08-18_000209_293933013
2020-08-18 00:02:09,590 : INFO : Start of Preprocessing...
2020-08-18 00:02:09,590 : INFO : Start of feature encoding...
2020-08-18 00:02:09,596 : INFO : End of feature encoding...
2020-08-18 00:02:09,599 : INFO : Start of Droping Columns...
2020-08-18 00:02:09,601 : INFO : End of Droping Columns...
2020-08-18 00:02:09,601 : INFO : Start of finding missing values...
2020-08-18 00:02:09,603 : INFO : End of finding missing values...
2020-08-18 00:02:09,603 : INFO : Start of building final predictset...
2020-08-18 00:02:09,609 : INFO : End of building final predictset...
2020-08-18 00:02:09,609 : INFO : End of Preprocessing...
2020-08-18 00:02:09,609 : INFO : Start of Load Model
2020-08-18 00:02:09,610 : INFO : Model File KMeans loaded
2020-08-18 00:02:09,610 : INFO : End of Load Model
2020-08-18 00:02:09,615 : INFO : clusters loop started
2020-08-18 00:02:09,620 : INFO : Start of finding correct model
2020-08-18 00:02:09,620 : INFO : End of finding correct model
2020-08-18 00:02:09,620 : INFO : Start of Load Model
2020-08-18 00:02:09,620 : INFO : Model File XGBoost0 loaded
2020-08-18 00:02:09,620 : INFO : End of Load Model
2020-08-18 00:02:09,622 : INFO : Shape of Data (1, 9)
2020-08-18 00:02:09,626 : INFO : Shape of Data None
2020-08-18 00:02:09,641 : INFO : Output : [0.]
2020-08-18 00:02:09,641 : INFO : End of Prediction
