2020-08-18 00:03:52,054 : INFO : Start of Prediction
2020-08-18 00:03:52,055 : INFO : run_id:2020-08-18_000352_144301749
2020-08-18 00:03:52,055 : INFO : Start of Preprocessing...
2020-08-18 00:03:52,056 : INFO : Start of feature encoding...
2020-08-18 00:03:52,065 : INFO : End of feature encoding...
2020-08-18 00:03:52,068 : INFO : Start of Droping Columns...
2020-08-18 00:03:52,072 : INFO : End of Droping Columns...
2020-08-18 00:03:52,072 : INFO : Start of finding missing values...
2020-08-18 00:03:52,075 : INFO : End of finding missing values...
2020-08-18 00:03:52,075 : INFO : Start of building final predictset...
2020-08-18 00:03:52,083 : INFO : End of building final predictset...
2020-08-18 00:03:52,083 : INFO : End of Preprocessing...
2020-08-18 00:03:52,083 : INFO : Start of Load Model
2020-08-18 00:03:52,084 : INFO : Model File KMeans loaded
2020-08-18 00:03:52,084 : INFO : End of Load Model
2020-08-18 00:03:52,089 : INFO : clusters loop started
2020-08-18 00:03:52,091 : INFO : Start of finding correct model
2020-08-18 00:03:52,091 : INFO : End of finding correct model
2020-08-18 00:03:52,091 : INFO : Start of Load Model
2020-08-18 00:03:52,092 : INFO : Model File XGBoost0 loaded
2020-08-18 00:03:52,092 : INFO : End of Load Model
2020-08-18 00:03:52,092 : INFO : Shape of Data (1, 9)
2020-08-18 00:03:52,096 : INFO : Shape of Data None
2020-08-18 00:03:52,097 : INFO : Output : [1.]
2020-08-18 00:03:52,097 : INFO : End of Prediction
