2020-08-17 13:45:05,913 : INFO : Start of Training
2020-08-17 13:45:05,913 : INFO : Run_id:2020-08-17_134505_506505722
2020-08-17 13:45:05,913 : INFO : Start of Data Load, validation and transformation
2020-08-17 13:45:05,913 : INFO : Start of Archiving Old Rejected Files...
2020-08-17 13:45:05,914 : INFO : End of Archiving Old Rejected Files...
2020-08-17 13:45:05,914 : INFO : Start of Archiving Old Validated Files...
2020-08-17 13:45:05,914 : INFO : End of Archiving Old Validated Files...
2020-08-17 13:45:05,914 : INFO : Start of Archiving Old Processed Files...
2020-08-17 13:45:05,914 : INFO : End of Archiving Old Processed Files...
2020-08-17 13:45:05,914 : INFO : Start of Archiving Old Result Files...
2020-08-17 13:45:05,914 : INFO : End of Archiving Old Result Files...
2020-08-17 13:45:05,915 : INFO : Start of Reading values From Schema...
2020-08-17 13:45:05,915 : INFO : End of Reading values From Schema...
2020-08-17 13:45:05,915 : INFO : Start of Validating Column Length...
2020-08-17 13:45:05,929 : INFO : End of Validating Column Length...
2020-08-17 13:45:05,929 : INFO : Start of Validating Missing Values...
2020-08-17 13:45:05,950 : INFO : End of Validating Missing Values...
2020-08-17 13:45:05,950 : INFO : Start of Replacing Missing Values with NULL...
2020-08-17 13:45:06,020 : INFO : hr_employee_churn_data.csv: File Transformed successfully!!
2020-08-17 13:45:06,020 : INFO : End of Replacing Missing Values with NULL...
2020-08-17 13:45:06,021 : INFO : Start of Creating Table...
2020-08-17 13:45:06,021 : INFO : Opened training database successfully
2020-08-17 13:45:06,022 : INFO : Tables created successfully
2020-08-17 13:45:06,022 : INFO : Closed training database successfully
2020-08-17 13:45:06,022 : INFO : End of Creating Table...
2020-08-17 13:45:06,022 : INFO : Opened training database successfully
2020-08-17 13:45:06,022 : INFO : Start of Inserting Data into Table...
2020-08-17 13:47:16,157 : INFO : End of Inserting Data into Table...
2020-08-17 13:47:16,158 : INFO : Start of Exporting Data into CSV...
2020-08-17 13:47:16,159 : INFO : Opened training database successfully
2020-08-17 13:47:16,352 : INFO : End of Exporting Data into CSV...
2020-08-17 13:47:16,354 : INFO : Start of Moving Processed Files...
2020-08-17 13:47:16,355 : INFO : Moved the already processed file hr_employee_churn_data.csv
2020-08-17 13:47:16,355 : INFO : End of Moving Processed Files...
2020-08-17 13:47:16,355 : INFO : End of Data Load, validation and transformation
2020-08-17 13:47:16,355 : INFO : Start of Preprocessing...
2020-08-17 13:47:16,355 : INFO : Start of reading dataset...
2020-08-17 13:47:16,376 : INFO : End of reading dataset...
2020-08-17 13:47:16,376 : INFO : Start of Droping Columns...
2020-08-17 13:47:16,383 : INFO : End of Droping Columns...
2020-08-17 13:47:16,384 : INFO : Start of feature encoding...
2020-08-17 13:47:16,391 : INFO : End of feature encoding...
2020-08-17 13:47:16,393 : INFO : Start of Droping Columns...
2020-08-17 13:47:16,396 : INFO : End of Droping Columns...
2020-08-17 13:47:16,397 : INFO : Start of finding missing values...
2020-08-17 13:47:16,405 : INFO : End of finding missing values...
2020-08-17 13:47:16,405 : INFO : Start of imputing missing values...
2020-08-17 13:47:16,485 : INFO : End of imputing missing values...
2020-08-17 13:47:16,486 : INFO : Start of splitting features and label ...
2020-08-17 13:47:16,488 : INFO : End of splitting features and label ...
2020-08-17 13:47:16,488 : INFO : End of Preprocessing...
2020-08-17 13:47:16,490 : INFO : Start of elbow plotting...
2020-08-17 13:47:19,659 : INFO : The optimum number of clusters is: 3
2020-08-17 13:47:19,659 : INFO : End of elbow plotting...
2020-08-17 13:47:19,659 : INFO : Start of Create clusters...
2020-08-17 13:47:19,882 : INFO : Start of Save Models
2020-08-17 13:47:19,882 : INFO : Start of Save Models
2020-08-17 13:47:19,883 : INFO : Model File KMeans saved
2020-08-17 13:47:19,883 : INFO : Model File KMeans saved
2020-08-17 13:47:19,883 : INFO : End of Save Models
2020-08-17 13:47:19,883 : INFO : End of Save Models
2020-08-17 13:47:19,884 : INFO : succesfully created 3clusters.
2020-08-17 13:47:19,884 : INFO : End of Create clusters...
2020-08-17 13:47:19,891 : INFO : Start of finding best model...
2020-08-17 13:47:19,891 : INFO : Start of finding best params for XGBoost algo...
2020-08-17 13:49:04,369 : INFO : XGBoost best params: {'learning_rate': 0.5, 'max_depth': 5, 'n_estimators': 100}
2020-08-17 13:49:04,369 : INFO : End of finding best params for XGBoost algo...
2020-08-17 13:49:04,379 : INFO : AUC for XGBoost:0.9979674796747968
2020-08-17 13:49:04,379 : INFO : Start of finding best params for randomforest algo...
2020-08-17 13:49:32,083 : INFO : Random Forest best params: {'criterion': 'gini', 'max_depth': 3, 'max_features': 'log2', 'n_estimators': 130}
2020-08-17 13:49:32,084 : INFO : End of finding best params for randomforest algo...
2020-08-17 13:49:32,112 : INFO : AUC for XGBoost:0.958091366627952
2020-08-17 13:49:32,112 : INFO : End of finding best model...
2020-08-17 13:49:32,113 : INFO : Start of Save Models
2020-08-17 13:49:32,113 : INFO : Start of Save Models
2020-08-17 13:49:32,116 : INFO : Model File XGBoost0 saved
2020-08-17 13:49:32,116 : INFO : Model File XGBoost0 saved
2020-08-17 13:49:32,117 : INFO : End of Save Models
2020-08-17 13:49:32,117 : INFO : End of Save Models
2020-08-17 13:49:32,125 : INFO : Start of finding best model...
2020-08-17 13:49:32,125 : INFO : Start of finding best params for XGBoost algo...
