2020-08-17 13:50:02,586 : INFO : Start of Training
2020-08-17 13:50:02,586 : INFO : Run_id:2020-08-17_135002_487693842
2020-08-17 13:50:02,586 : INFO : Start of Data Load, validation and transformation
2020-08-17 13:50:02,586 : INFO : Start of Archiving Old Rejected Files...
2020-08-17 13:50:02,586 : INFO : End of Archiving Old Rejected Files...
2020-08-17 13:50:02,586 : INFO : Start of Archiving Old Validated Files...
2020-08-17 13:50:02,587 : INFO : End of Archiving Old Validated Files...
2020-08-17 13:50:02,587 : INFO : Start of Archiving Old Processed Files...
2020-08-17 13:50:02,587 : INFO : End of Archiving Old Processed Files...
2020-08-17 13:50:02,587 : INFO : Start of Archiving Old Result Files...
2020-08-17 13:50:02,587 : INFO : End of Archiving Old Result Files...
2020-08-17 13:50:02,587 : INFO : Start of Reading values From Schema...
2020-08-17 13:50:02,587 : INFO : End of Reading values From Schema...
2020-08-17 13:50:02,587 : INFO : Start of Validating Column Length...
2020-08-17 13:50:02,588 : INFO : End of Validating Column Length...
2020-08-17 13:50:02,588 : INFO : Start of Validating Missing Values...
2020-08-17 13:50:02,588 : INFO : End of Validating Missing Values...
2020-08-17 13:50:02,588 : INFO : Start of Replacing Missing Values with NULL...
2020-08-17 13:50:02,588 : INFO : End of Replacing Missing Values with NULL...
2020-08-17 13:50:02,588 : INFO : Start of Creating Table...
2020-08-17 13:50:02,588 : INFO : Opened training database successfully
2020-08-17 13:50:02,588 : INFO : Tables created successfully
2020-08-17 13:50:02,588 : INFO : Closed training database successfully
2020-08-17 13:50:02,588 : INFO : End of Creating Table...
2020-08-17 13:50:02,588 : INFO : Opened training database successfully
2020-08-17 13:50:02,588 : INFO : Start of Inserting Data into Table...
2020-08-17 13:50:02,588 : INFO : End of Inserting Data into Table...
2020-08-17 13:50:02,588 : INFO : Start of Exporting Data into CSV...
2020-08-17 13:50:02,588 : INFO : Opened training database successfully
2020-08-17 13:50:02,961 : INFO : End of Exporting Data into CSV...
2020-08-17 13:50:02,964 : INFO : Start of Moving Processed Files...
2020-08-17 13:50:02,964 : INFO : End of Moving Processed Files...
2020-08-17 13:50:02,964 : INFO : End of Data Load, validation and transformation
2020-08-17 13:50:02,964 : INFO : Start of Preprocessing...
2020-08-17 13:50:02,964 : INFO : Start of reading dataset...
2020-08-17 13:50:02,982 : INFO : End of reading dataset...
2020-08-17 13:50:02,982 : INFO : Start of Droping Columns...
2020-08-17 13:50:02,985 : INFO : End of Droping Columns...
2020-08-17 13:50:02,985 : INFO : Start of feature encoding...
2020-08-17 13:50:02,990 : INFO : End of feature encoding...
2020-08-17 13:50:02,991 : INFO : Start of Droping Columns...
2020-08-17 13:50:02,993 : INFO : End of Droping Columns...
2020-08-17 13:50:02,993 : INFO : Start of finding missing values...
2020-08-17 13:50:02,998 : INFO : End of finding missing values...
2020-08-17 13:50:02,999 : INFO : Start of imputing missing values...
2020-08-17 13:50:03,063 : INFO : End of imputing missing values...
2020-08-17 13:50:03,063 : INFO : Start of splitting features and label ...
2020-08-17 13:50:03,064 : INFO : End of splitting features and label ...
2020-08-17 13:50:03,064 : INFO : End of Preprocessing...
2020-08-17 13:50:03,065 : INFO : Start of elbow plotting...
2020-08-17 13:50:05,835 : INFO : The optimum number of clusters is: 3
2020-08-17 13:50:05,835 : INFO : End of elbow plotting...
2020-08-17 13:50:05,835 : INFO : Start of Create clusters...
2020-08-17 13:50:06,019 : INFO : Start of Save Models
2020-08-17 13:50:06,019 : INFO : Start of Save Models
2020-08-17 13:50:06,023 : INFO : Model File KMeans saved
2020-08-17 13:50:06,023 : INFO : Model File KMeans saved
2020-08-17 13:50:06,023 : INFO : End of Save Models
2020-08-17 13:50:06,023 : INFO : End of Save Models
2020-08-17 13:50:06,024 : INFO : succesfully created 3clusters.
2020-08-17 13:50:06,024 : INFO : End of Create clusters...
2020-08-17 13:50:06,032 : INFO : Start of finding best model...
2020-08-17 13:50:06,032 : INFO : Start of finding best params for XGBoost algo...
2020-08-17 13:51:53,108 : INFO : XGBoost best params: {'learning_rate': 0.5, 'max_depth': 5, 'n_estimators': 100}
2020-08-17 13:51:53,108 : INFO : End of finding best params for XGBoost algo...
2020-08-17 13:51:53,119 : INFO : AUC for XGBoost:0.9979674796747968
2020-08-17 13:51:53,119 : INFO : Start of finding best params for randomforest algo...
2020-08-17 13:52:02,297 : INFO : Random Forest best params: {'criterion': 'gini', 'max_depth': 3, 'max_features': 'auto', 'n_estimators': 130}
2020-08-17 13:52:02,297 : INFO : End of finding best params for randomforest algo...
2020-08-17 13:52:02,322 : INFO : AUC for XGBoost:0.958091366627952
2020-08-17 13:52:02,322 : INFO : End of finding best model...
2020-08-17 13:52:02,322 : INFO : Start of Save Models
2020-08-17 13:52:02,322 : INFO : Start of Save Models
2020-08-17 13:52:02,325 : INFO : Model File XGBoost0 saved
2020-08-17 13:52:02,325 : INFO : Model File XGBoost0 saved
2020-08-17 13:52:02,325 : INFO : End of Save Models
2020-08-17 13:52:02,325 : INFO : End of Save Models
2020-08-17 13:52:02,331 : INFO : Start of finding best model...
2020-08-17 13:52:02,331 : INFO : Start of finding best params for XGBoost algo...
2020-08-17 13:53:55,546 : INFO : XGBoost best params: {'learning_rate': 0.1, 'max_depth': 20, 'n_estimators': 200}
2020-08-17 13:53:55,546 : INFO : End of finding best params for XGBoost algo...
2020-08-17 13:53:55,572 : INFO : AUC for XGBoost:0.9995408631772268
2020-08-17 13:53:55,572 : INFO : Start of finding best params for randomforest algo...
2020-08-17 13:54:03,584 : INFO : Random Forest best params: {'criterion': 'entropy', 'max_depth': 3, 'max_features': 'auto', 'n_estimators': 100}
2020-08-17 13:54:03,584 : INFO : End of finding best params for randomforest algo...
2020-08-17 13:54:03,608 : INFO : AUC for XGBoost:0.9495504689188166
2020-08-17 13:54:03,608 : INFO : End of finding best model...
2020-08-17 13:54:03,609 : INFO : Start of Save Models
2020-08-17 13:54:03,609 : INFO : Start of Save Models
2020-08-17 13:54:03,614 : INFO : Model File XGBoost1 saved
2020-08-17 13:54:03,614 : INFO : Model File XGBoost1 saved
2020-08-17 13:54:03,614 : INFO : End of Save Models
2020-08-17 13:54:03,614 : INFO : End of Save Models
2020-08-17 13:54:03,621 : INFO : Start of finding best model...
2020-08-17 13:54:03,621 : INFO : Start of finding best params for XGBoost algo...
2020-08-17 13:55:22,240 : INFO : XGBoost best params: {'learning_rate': 0.5, 'max_depth': 10, 'n_estimators': 100}
2020-08-17 13:55:22,240 : INFO : End of finding best params for XGBoost algo...
2020-08-17 13:55:22,250 : INFO : AUC for XGBoost:0.9889767906572977
2020-08-17 13:55:22,250 : INFO : Start of finding best params for randomforest algo...
2020-08-17 13:55:29,401 : INFO : Random Forest best params: {'criterion': 'entropy', 'max_depth': 3, 'max_features': 'auto', 'n_estimators': 130}
2020-08-17 13:55:29,401 : INFO : End of finding best params for randomforest algo...
2020-08-17 13:55:29,423 : INFO : AUC for XGBoost:0.8351063829787234
2020-08-17 13:55:29,423 : INFO : End of finding best model...
2020-08-17 13:55:29,423 : INFO : Start of Save Models
2020-08-17 13:55:29,423 : INFO : Start of Save Models
2020-08-17 13:55:29,424 : INFO : Model File XGBoost2 saved
2020-08-17 13:55:29,424 : INFO : Model File XGBoost2 saved
2020-08-17 13:55:29,424 : INFO : End of Save Models
2020-08-17 13:55:29,424 : INFO : End of Save Models
2020-08-17 13:55:29,425 : INFO : End of Training
