2020-08-17 13:41:38,643 : INFO : Start of Training
2020-08-17 13:41:38,643 : INFO : Run_id:2020-08-17_134138_911487586
2020-08-17 13:41:38,644 : INFO : Start of Data Load, validation and transformation
2020-08-17 13:41:38,644 : INFO : Start of Archiving Old Rejected Files...
2020-08-17 13:41:38,644 : INFO : End of Archiving Old Rejected Files...
2020-08-17 13:41:38,644 : INFO : Start of Archiving Old Validated Files...
2020-08-17 13:41:38,645 : INFO : End of Archiving Old Validated Files...
2020-08-17 13:41:38,645 : INFO : Start of Archiving Old Processed Files...
2020-08-17 13:41:38,645 : INFO : End of Archiving Old Processed Files...
2020-08-17 13:41:38,645 : INFO : Start of Archiving Old Result Files...
2020-08-17 13:41:38,645 : INFO : End of Archiving Old Result Files...
2020-08-17 13:41:38,646 : INFO : Start of Reading values From Schema...
2020-08-17 13:41:38,646 : INFO : End of Reading values From Schema...
2020-08-17 13:41:38,646 : INFO : Start of Validating Column Length...
2020-08-17 13:41:38,660 : INFO : End of Validating Column Length...
2020-08-17 13:41:38,660 : INFO : Start of Validating Missing Values...
2020-08-17 13:41:38,672 : INFO : End of Validating Missing Values...
2020-08-17 13:41:38,672 : INFO : Start of Replacing Missing Values with NULL...
2020-08-17 13:41:38,743 : INFO : hr_employee_churn_data.csv: File Transformed successfully!!
2020-08-17 13:41:38,743 : INFO : End of Replacing Missing Values with NULL...
2020-08-17 13:41:38,743 : INFO : Start of Creating Table...
2020-08-17 13:41:38,744 : INFO : Opened training database successfully
2020-08-17 13:41:38,752 : INFO : CREATE TABLE training_raw_data_t column_name
2020-08-17 13:41:38,758 : INFO : ALTER TABLE training_raw_data_t ADD COLUMN
2020-08-17 13:41:38,764 : INFO : ALTER TABLE training_raw_data_t ADD COLUMN
2020-08-17 13:41:38,772 : INFO : ALTER TABLE training_raw_data_t ADD COLUMN
2020-08-17 13:41:38,779 : INFO : ALTER TABLE training_raw_data_t ADD COLUMN
2020-08-17 13:41:38,786 : INFO : ALTER TABLE training_raw_data_t ADD COLUMN
2020-08-17 13:41:38,794 : INFO : ALTER TABLE training_raw_data_t ADD COLUMN
2020-08-17 13:41:38,802 : INFO : ALTER TABLE training_raw_data_t ADD COLUMN
2020-08-17 13:41:38,809 : INFO : ALTER TABLE training_raw_data_t ADD COLUMN
2020-08-17 13:41:38,817 : INFO : ALTER TABLE training_raw_data_t ADD COLUMN
2020-08-17 13:41:38,818 : INFO : End of Creating Table...
2020-08-17 13:41:38,819 : INFO : Opened training database successfully
2020-08-17 13:41:38,820 : INFO : Start of Inserting Data into Table...
